{"/Users/angelesmarin/Desktop/capstone/Placenet-App-Backend/database.js": {"path":"/Users/angelesmarin/Desktop/capstone/Placenet-App-Backend/database.js","statementMap":{"0":{"start":{"line":5,"column":22},"end":{"line":5,"column":42}},"1":{"start":{"line":6,"column":0},"end":{"line":6,"column":27}},"2":{"start":{"line":9,"column":18},"end":{"line":19,"column":1}},"3":{"start":{"line":21,"column":0},"end":{"line":21,"column":27}}},"fnMap":{},"branchMap":{},"s":{"0":6,"1":6,"2":6,"3":6},"f":{},"b":{},"_coverageSchema":"1a1c01bbd47fc00a2c39e90264f33305004495a9","hash":"856d459d88a88043ab5ebf459262adf58be6e7b6"}
,"/Users/angelesmarin/Desktop/capstone/Placenet-App-Backend/controllers/userController.js": {"path":"/Users/angelesmarin/Desktop/capstone/Placenet-App-Backend/controllers/userController.js","statementMap":{"0":{"start":{"line":1,"column":17},"end":{"line":1,"column":42}},"1":{"start":{"line":4,"column":20},"end":{"line":11,"column":1}},"2":{"start":{"line":5,"column":2},"end":{"line":10,"column":3}},"3":{"start":{"line":6,"column":18},"end":{"line":6,"column":38}},"4":{"start":{"line":7,"column":4},"end":{"line":7,"column":32}},"5":{"start":{"line":9,"column":4},"end":{"line":9,"column":68}},"6":{"start":{"line":14,"column":16},"end":{"line":24,"column":1}},"7":{"start":{"line":15,"column":2},"end":{"line":23,"column":3}},"8":{"start":{"line":16,"column":17},"end":{"line":16,"column":55}},"9":{"start":{"line":17,"column":4},"end":{"line":19,"column":5}},"10":{"start":{"line":18,"column":6},"end":{"line":18,"column":65}},"11":{"start":{"line":20,"column":4},"end":{"line":20,"column":31}},"12":{"start":{"line":22,"column":4},"end":{"line":22,"column":67}},"13":{"start":{"line":27,"column":19},"end":{"line":39,"column":1}},"14":{"start":{"line":28,"column":2},"end":{"line":38,"column":3}},"15":{"start":{"line":29,"column":40},"end":{"line":29,"column":48}},"16":{"start":{"line":30,"column":17},"end":{"line":30,"column":55}},"17":{"start":{"line":31,"column":4},"end":{"line":33,"column":5}},"18":{"start":{"line":32,"column":6},"end":{"line":32,"column":65}},"19":{"start":{"line":34,"column":4},"end":{"line":34,"column":51}},"20":{"start":{"line":35,"column":4},"end":{"line":35,"column":31}},"21":{"start":{"line":37,"column":4},"end":{"line":37,"column":68}},"22":{"start":{"line":42,"column":19},"end":{"line":53,"column":1}},"23":{"start":{"line":43,"column":2},"end":{"line":52,"column":3}},"24":{"start":{"line":44,"column":17},"end":{"line":44,"column":55}},"25":{"start":{"line":45,"column":4},"end":{"line":47,"column":5}},"26":{"start":{"line":46,"column":6},"end":{"line":46,"column":65}},"27":{"start":{"line":48,"column":4},"end":{"line":48,"column":25}},"28":{"start":{"line":49,"column":4},"end":{"line":49,"column":67}},"29":{"start":{"line":51,"column":4},"end":{"line":51,"column":68}},"30":{"start":{"line":55,"column":0},"end":{"line":60,"column":2}}},"fnMap":{"0":{"name":"(anonymous_0)","decl":{"start":{"line":4,"column":20},"end":{"line":4,"column":21}},"loc":{"start":{"line":4,"column":40},"end":{"line":11,"column":1}},"line":4},"1":{"name":"(anonymous_1)","decl":{"start":{"line":14,"column":16},"end":{"line":14,"column":17}},"loc":{"start":{"line":14,"column":36},"end":{"line":24,"column":1}},"line":14},"2":{"name":"(anonymous_2)","decl":{"start":{"line":27,"column":19},"end":{"line":27,"column":20}},"loc":{"start":{"line":27,"column":39},"end":{"line":39,"column":1}},"line":27},"3":{"name":"(anonymous_3)","decl":{"start":{"line":42,"column":19},"end":{"line":42,"column":20}},"loc":{"start":{"line":42,"column":39},"end":{"line":53,"column":1}},"line":42}},"branchMap":{"0":{"loc":{"start":{"line":17,"column":4},"end":{"line":19,"column":5}},"type":"if","locations":[{"start":{"line":17,"column":4},"end":{"line":19,"column":5}},{"start":{},"end":{}}],"line":17},"1":{"loc":{"start":{"line":31,"column":4},"end":{"line":33,"column":5}},"type":"if","locations":[{"start":{"line":31,"column":4},"end":{"line":33,"column":5}},{"start":{},"end":{}}],"line":31},"2":{"loc":{"start":{"line":45,"column":4},"end":{"line":47,"column":5}},"type":"if","locations":[{"start":{"line":45,"column":4},"end":{"line":47,"column":5}},{"start":{},"end":{}}],"line":45}},"s":{"0":2,"1":2,"2":2,"3":2,"4":0,"5":2,"6":2,"7":3,"8":3,"9":0,"10":0,"11":0,"12":3,"13":2,"14":3,"15":3,"16":3,"17":0,"18":0,"19":0,"20":0,"21":3,"22":2,"23":3,"24":3,"25":0,"26":0,"27":0,"28":0,"29":3,"30":2},"f":{"0":2,"1":3,"2":3,"3":3},"b":{"0":[0,0],"1":[0,0],"2":[0,0]},"_coverageSchema":"1a1c01bbd47fc00a2c39e90264f33305004495a9","hash":"0bd44a58691fcef477c79a735edfb899a5c6a978"}
,"/Users/angelesmarin/Desktop/capstone/Placenet-App-Backend/middleware/authMiddleware.js": {"path":"/Users/angelesmarin/Desktop/capstone/Placenet-App-Backend/middleware/authMiddleware.js","statementMap":{"0":{"start":{"line":1,"column":12},"end":{"line":1,"column":35}},"1":{"start":{"line":5,"column":26},"end":{"line":21,"column":1}},"2":{"start":{"line":6,"column":23},"end":{"line":6,"column":48}},"3":{"start":{"line":7,"column":18},"end":{"line":7,"column":56}},"4":{"start":{"line":9,"column":4},"end":{"line":11,"column":5}},"5":{"start":{"line":10,"column":8},"end":{"line":10,"column":86}},"6":{"start":{"line":13,"column":4},"end":{"line":20,"column":7}},"7":{"start":{"line":14,"column":8},"end":{"line":16,"column":9}},"8":{"start":{"line":15,"column":12},"end":{"line":15,"column":81}},"9":{"start":{"line":17,"column":8},"end":{"line":17,"column":47}},"10":{"start":{"line":18,"column":8},"end":{"line":18,"column":27}},"11":{"start":{"line":19,"column":8},"end":{"line":19,"column":15}},"12":{"start":{"line":23,"column":0},"end":{"line":23,"column":35}}},"fnMap":{"0":{"name":"(anonymous_0)","decl":{"start":{"line":5,"column":26},"end":{"line":5,"column":27}},"loc":{"start":{"line":5,"column":46},"end":{"line":21,"column":1}},"line":5},"1":{"name":"(anonymous_1)","decl":{"start":{"line":13,"column":46},"end":{"line":13,"column":47}},"loc":{"start":{"line":13,"column":64},"end":{"line":20,"column":5}},"line":13}},"branchMap":{"0":{"loc":{"start":{"line":7,"column":18},"end":{"line":7,"column":56}},"type":"binary-expr","locations":[{"start":{"line":7,"column":18},"end":{"line":7,"column":28}},{"start":{"line":7,"column":32},"end":{"line":7,"column":56}}],"line":7},"1":{"loc":{"start":{"line":9,"column":4},"end":{"line":11,"column":5}},"type":"if","locations":[{"start":{"line":9,"column":4},"end":{"line":11,"column":5}},{"start":{},"end":{}}],"line":9},"2":{"loc":{"start":{"line":14,"column":8},"end":{"line":16,"column":9}},"type":"if","locations":[{"start":{"line":14,"column":8},"end":{"line":16,"column":9}},{"start":{},"end":{}}],"line":14}},"s":{"0":1,"1":1,"2":4,"3":4,"4":4,"5":2,"6":2,"7":2,"8":1,"9":1,"10":1,"11":1,"12":1},"f":{"0":4,"1":2},"b":{"0":[4,2],"1":[2,2],"2":[1,1]},"_coverageSchema":"1a1c01bbd47fc00a2c39e90264f33305004495a9","hash":"29e2500e3b789d99b965e584cdabe6a560ae1a0c"}
,"/Users/angelesmarin/Desktop/capstone/Placenet-App-Backend/models/Document.js": {"path":"/Users/angelesmarin/Desktop/capstone/Placenet-App-Backend/models/Document.js","statementMap":{"0":{"start":{"line":1,"column":22},"end":{"line":1,"column":42}},"1":{"start":{"line":2,"column":18},"end":{"line":2,"column":40}},"2":{"start":{"line":3,"column":16},"end":{"line":3,"column":36}},"3":{"start":{"line":4,"column":13},"end":{"line":4,"column":30}},"4":{"start":{"line":6,"column":17},"end":{"line":45,"column":2}},"5":{"start":{"line":47,"column":0},"end":{"line":47,"column":26}}},"fnMap":{},"branchMap":{},"s":{"0":1,"1":1,"2":1,"3":1,"4":1,"5":1},"f":{},"b":{},"_coverageSchema":"1a1c01bbd47fc00a2c39e90264f33305004495a9","hash":"ff815a47d2d47c98aa781e54f8535075009dcd3a"}
,"/Users/angelesmarin/Desktop/capstone/Placenet-App-Backend/models/Project.js": {"path":"/Users/angelesmarin/Desktop/capstone/Placenet-App-Backend/models/Project.js","statementMap":{"0":{"start":{"line":1,"column":22},"end":{"line":1,"column":42}},"1":{"start":{"line":2,"column":18},"end":{"line":2,"column":40}},"2":{"start":{"line":3,"column":17},"end":{"line":3,"column":38}},"3":{"start":{"line":4,"column":13},"end":{"line":4,"column":30}},"4":{"start":{"line":6,"column":16},"end":{"line":46,"column":2}},"5":{"start":{"line":48,"column":0},"end":{"line":48,"column":25}}},"fnMap":{},"branchMap":{},"s":{"0":2,"1":2,"2":2,"3":2,"4":2,"5":2},"f":{},"b":{},"_coverageSchema":"1a1c01bbd47fc00a2c39e90264f33305004495a9","hash":"d91440e3cac97d5e7967e813a9186c2775b60b74"}
,"/Users/angelesmarin/Desktop/capstone/Placenet-App-Backend/models/Property.js": {"path":"/Users/angelesmarin/Desktop/capstone/Placenet-App-Backend/models/Property.js","statementMap":{"0":{"start":{"line":1,"column":22},"end":{"line":1,"column":42}},"1":{"start":{"line":2,"column":18},"end":{"line":2,"column":40}},"2":{"start":{"line":3,"column":13},"end":{"line":3,"column":30}},"3":{"start":{"line":5,"column":17},"end":{"line":31,"column":2}},"4":{"start":{"line":33,"column":0},"end":{"line":33,"column":26}}},"fnMap":{},"branchMap":{},"s":{"0":3,"1":3,"2":3,"3":3,"4":3},"f":{},"b":{},"_coverageSchema":"1a1c01bbd47fc00a2c39e90264f33305004495a9","hash":"e1efb0d2a0119c568323a9d7dfd14f36d2001c2f"}
,"/Users/angelesmarin/Desktop/capstone/Placenet-App-Backend/models/User.js": {"path":"/Users/angelesmarin/Desktop/capstone/Placenet-App-Backend/models/User.js","statementMap":{"0":{"start":{"line":1,"column":22},"end":{"line":1,"column":42}},"1":{"start":{"line":2,"column":18},"end":{"line":2,"column":40}},"2":{"start":{"line":4,"column":13},"end":{"line":26,"column":2}},"3":{"start":{"line":28,"column":0},"end":{"line":28,"column":22}}},"fnMap":{},"branchMap":{},"s":{"0":6,"1":6,"2":6,"3":6},"f":{},"b":{},"_coverageSchema":"1a1c01bbd47fc00a2c39e90264f33305004495a9","hash":"43c2346cee2f5db96ae54c82734daa38b8eba8d0"}
}
