TN:
SF:database.js
FNF:0
FNH:0
DA:5,5
DA:6,5
DA:9,5
DA:21,5
LF:4
LH:4
BRF:0
BRH:0
end_of_record
TN:
SF:controllers/userController.js
FN:3,(anonymous_0)
FN:12,(anonymous_1)
FN:25,(anonymous_2)
FN:40,(anonymous_3)
FNF:4
FNH:4
FNDA:2,(anonymous_0)
FNDA:3,(anonymous_1)
FNDA:3,(anonymous_2)
FNDA:3,(anonymous_3)
DA:1,2
DA:3,2
DA:4,2
DA:5,2
DA:6,1
DA:8,1
DA:12,2
DA:13,3
DA:14,3
DA:15,2
DA:16,1
DA:18,1
DA:20,1
DA:25,2
DA:26,3
DA:27,3
DA:28,3
DA:29,2
DA:30,1
DA:32,1
DA:33,1
DA:35,1
DA:40,2
DA:41,3
DA:42,3
DA:43,2
DA:44,1
DA:46,1
DA:47,1
DA:49,1
DA:53,2
LF:31
LH:31
BRDA:15,0,0,1
BRDA:15,0,1,1
BRDA:29,1,0,1
BRDA:29,1,1,1
BRDA:43,2,0,1
BRDA:43,2,1,1
BRF:6
BRH:6
end_of_record
TN:
SF:middleware/authMiddleware.js
FN:4,(anonymous_0)
FN:12,(anonymous_1)
FNF:2
FNH:2
FNDA:4,(anonymous_0)
FNDA:2,(anonymous_1)
DA:1,1
DA:4,1
DA:5,4
DA:6,4
DA:8,4
DA:9,2
DA:12,2
DA:13,2
DA:14,1
DA:16,1
DA:17,1
DA:18,1
DA:22,1
LF:13
LH:13
BRDA:6,0,0,4
BRDA:6,0,1,2
BRDA:8,1,0,2
BRDA:8,1,1,2
BRDA:13,2,0,1
BRDA:13,2,1,1
BRF:6
BRH:6
end_of_record
TN:
SF:models/Document.js
FNF:0
FNH:0
DA:1,1
DA:2,1
DA:3,1
DA:4,1
DA:6,1
DA:47,1
LF:6
LH:6
BRF:0
BRH:0
end_of_record
TN:
SF:models/Project.js
FNF:0
FNH:0
DA:1,2
DA:2,2
DA:3,2
DA:4,2
DA:6,2
DA:47,2
LF:6
LH:6
BRF:0
BRH:0
end_of_record
TN:
SF:models/Property.js
FNF:0
FNH:0
DA:1,3
DA:2,3
DA:3,3
DA:5,3
DA:33,3
LF:5
LH:5
BRF:0
BRH:0
end_of_record
TN:
SF:models/User.js
FNF:0
FNH:0
DA:1,5
DA:2,5
DA:4,5
DA:28,5
LF:4
LH:4
BRF:0
BRH:0
end_of_record
