TN:
SF:database.js
FNF:0
FNH:0
DA:5,6
DA:6,6
DA:9,6
DA:21,6
LF:4
LH:4
BRF:0
BRH:0
end_of_record
TN:
SF:controllers/userController.js
FN:4,(anonymous_0)
FN:14,(anonymous_1)
FN:27,(anonymous_2)
FN:42,(anonymous_3)
FNF:4
FNH:4
FNDA:2,(anonymous_0)
FNDA:3,(anonymous_1)
FNDA:3,(anonymous_2)
FNDA:3,(anonymous_3)
DA:1,2
DA:4,2
DA:5,2
DA:6,2
DA:7,0
DA:9,2
DA:14,2
DA:15,3
DA:16,3
DA:17,0
DA:18,0
DA:20,0
DA:22,3
DA:27,2
DA:28,3
DA:29,3
DA:30,3
DA:31,0
DA:32,0
DA:34,0
DA:35,0
DA:37,3
DA:42,2
DA:43,3
DA:44,3
DA:45,0
DA:46,0
DA:48,0
DA:49,0
DA:51,3
DA:55,2
LF:31
LH:19
BRDA:17,0,0,0
BRDA:17,0,1,0
BRDA:31,1,0,0
BRDA:31,1,1,0
BRDA:45,2,0,0
BRDA:45,2,1,0
BRF:6
BRH:0
end_of_record
TN:
SF:middleware/authMiddleware.js
FN:5,(anonymous_0)
FN:13,(anonymous_1)
FNF:2
FNH:2
FNDA:4,(anonymous_0)
FNDA:2,(anonymous_1)
DA:1,1
DA:5,1
DA:6,4
DA:7,4
DA:9,4
DA:10,2
DA:13,2
DA:14,2
DA:15,1
DA:17,1
DA:18,1
DA:19,1
DA:23,1
LF:13
LH:13
BRDA:7,0,0,4
BRDA:7,0,1,2
BRDA:9,1,0,2
BRDA:9,1,1,2
BRDA:14,2,0,1
BRDA:14,2,1,1
BRF:6
BRH:6
end_of_record
TN:
SF:models/Document.js
FNF:0
FNH:0
DA:1,1
DA:2,1
DA:3,1
DA:4,1
DA:6,1
DA:47,1
LF:6
LH:6
BRF:0
BRH:0
end_of_record
TN:
SF:models/Project.js
FNF:0
FNH:0
DA:1,2
DA:2,2
DA:3,2
DA:4,2
DA:6,2
DA:48,2
LF:6
LH:6
BRF:0
BRH:0
end_of_record
TN:
SF:models/Property.js
FNF:0
FNH:0
DA:1,3
DA:2,3
DA:3,3
DA:5,3
DA:33,3
LF:5
LH:5
BRF:0
BRH:0
end_of_record
TN:
SF:models/User.js
FNF:0
FNH:0
DA:1,6
DA:2,6
DA:4,6
DA:28,6
LF:4
LH:4
BRF:0
BRH:0
end_of_record
